Analysis & Synthesis report for Jogo
Wed Jun 19 19:47:24 2024
Quartus Prime Version 18.1.0 Build 625 09/12/2018 SJ Lite Edition


---------------------
; Table of Contents ;
---------------------
  1. Legal Notice
  2. Analysis & Synthesis Summary
  3. Analysis & Synthesis Settings
  4. Parallel Compilation
  5. Analysis & Synthesis Source Files Read
  6. Analysis & Synthesis Resource Usage Summary
  7. Analysis & Synthesis Resource Utilization by Entity
  8. Registers Removed During Synthesis
  9. General Register Statistics
 10. Inverted Register Statistics
 11. Multiplexer Restructuring Statistics (Restructuring Performed)
 12. Post-Synthesis Netlist Statistics for Top Partition
 13. Elapsed Time Per Partition
 14. Analysis & Synthesis Messages



----------------
; Legal Notice ;
----------------
Copyright (C) 2018  Intel Corporation. All rights reserved.
Your use of Intel Corporation's design tools, logic functions 
and other software and tools, and its AMPP partner logic 
functions, and any output files from any of the foregoing 
(including device programming or simulation files), and any 
associated documentation or information are expressly subject 
to the terms and conditions of the Intel Program License 
Subscription Agreement, the Intel Quartus Prime License Agreement,
the Intel FPGA IP License Agreement, or other applicable license
agreement, including, without limitation, that your use is for
the sole purpose of programming logic devices manufactured by
Intel and sold by Intel or its authorized distributors.  Please
refer to the applicable agreement for further details.



+----------------------------------------------------------------------------------+
; Analysis & Synthesis Summary                                                     ;
+------------------------------------+---------------------------------------------+
; Analysis & Synthesis Status        ; Successful - Wed Jun 19 19:47:24 2024       ;
; Quartus Prime Version              ; 18.1.0 Build 625 09/12/2018 SJ Lite Edition ;
; Revision Name                      ; Jogo                                        ;
; Top-level Entity Name              ; Jogo                                        ;
; Family                             ; MAX 10                                      ;
; Total logic elements               ; 690                                         ;
;     Total combinational functions  ; 675                                         ;
;     Dedicated logic registers      ; 178                                         ;
; Total registers                    ; 178                                         ;
; Total pins                         ; 48                                          ;
; Total virtual pins                 ; 0                                           ;
; Total memory bits                  ; 0                                           ;
; Embedded Multiplier 9-bit elements ; 0                                           ;
; Total PLLs                         ; 0                                           ;
; UFM blocks                         ; 0                                           ;
; ADC blocks                         ; 0                                           ;
+------------------------------------+---------------------------------------------+


+------------------------------------------------------------------------------------------------------------+
; Analysis & Synthesis Settings                                                                              ;
+------------------------------------------------------------------+--------------------+--------------------+
; Option                                                           ; Setting            ; Default Value      ;
+------------------------------------------------------------------+--------------------+--------------------+
; Device                                                           ; 10M50DAF484C7G     ;                    ;
; Top-level entity name                                            ; Jogo               ; Jogo               ;
; Family name                                                      ; MAX 10             ; Cyclone V          ;
; Use smart compilation                                            ; Off                ; Off                ;
; Enable parallel Assembler and Timing Analyzer during compilation ; On                 ; On                 ;
; Enable compact report table                                      ; Off                ; Off                ;
; Restructure Multiplexers                                         ; Auto               ; Auto               ;
; Create Debugging Nodes for IP Cores                              ; Off                ; Off                ;
; Preserve fewer node names                                        ; On                 ; On                 ;
; Intel FPGA IP Evaluation Mode                                    ; Enable             ; Enable             ;
; Verilog Version                                                  ; Verilog_2001       ; Verilog_2001       ;
; VHDL Version                                                     ; VHDL_1993          ; VHDL_1993          ;
; State Machine Processing                                         ; Auto               ; Auto               ;
; Safe State Machine                                               ; Off                ; Off                ;
; Extract Verilog State Machines                                   ; On                 ; On                 ;
; Extract VHDL State Machines                                      ; On                 ; On                 ;
; Ignore Verilog initial constructs                                ; Off                ; Off                ;
; Iteration limit for constant Verilog loops                       ; 5000               ; 5000               ;
; Iteration limit for non-constant Verilog loops                   ; 250                ; 250                ;
; Add Pass-Through Logic to Inferred RAMs                          ; On                 ; On                 ;
; Infer RAMs from Raw Logic                                        ; On                 ; On                 ;
; Parallel Synthesis                                               ; On                 ; On                 ;
; DSP Block Balancing                                              ; Auto               ; Auto               ;
; NOT Gate Push-Back                                               ; On                 ; On                 ;
; Power-Up Don't Care                                              ; On                 ; On                 ;
; Remove Redundant Logic Cells                                     ; Off                ; Off                ;
; Remove Duplicate Registers                                       ; On                 ; On                 ;
; Ignore CARRY Buffers                                             ; Off                ; Off                ;
; Ignore CASCADE Buffers                                           ; Off                ; Off                ;
; Ignore GLOBAL Buffers                                            ; Off                ; Off                ;
; Ignore ROW GLOBAL Buffers                                        ; Off                ; Off                ;
; Ignore LCELL Buffers                                             ; Off                ; Off                ;
; Ignore SOFT Buffers                                              ; On                 ; On                 ;
; Limit AHDL Integers to 32 Bits                                   ; Off                ; Off                ;
; Optimization Technique                                           ; Balanced           ; Balanced           ;
; Carry Chain Length                                               ; 70                 ; 70                 ;
; Auto Carry Chains                                                ; On                 ; On                 ;
; Auto Open-Drain Pins                                             ; On                 ; On                 ;
; Perform WYSIWYG Primitive Resynthesis                            ; Off                ; Off                ;
; Auto ROM Replacement                                             ; On                 ; On                 ;
; Auto RAM Replacement                                             ; On                 ; On                 ;
; Auto DSP Block Replacement                                       ; On                 ; On                 ;
; Auto Shift Register Replacement                                  ; Auto               ; Auto               ;
; Allow Shift Register Merging across Hierarchies                  ; Auto               ; Auto               ;
; Auto Clock Enable Replacement                                    ; On                 ; On                 ;
; Strict RAM Replacement                                           ; Off                ; Off                ;
; Allow Synchronous Control Signals                                ; On                 ; On                 ;
; Force Use of Synchronous Clear Signals                           ; Off                ; Off                ;
; Auto RAM Block Balancing                                         ; On                 ; On                 ;
; Auto RAM to Logic Cell Conversion                                ; Off                ; Off                ;
; Auto Resource Sharing                                            ; Off                ; Off                ;
; Allow Any RAM Size For Recognition                               ; Off                ; Off                ;
; Allow Any ROM Size For Recognition                               ; Off                ; Off                ;
; Allow Any Shift Register Size For Recognition                    ; Off                ; Off                ;
; Use LogicLock Constraints during Resource Balancing              ; On                 ; On                 ;
; Ignore translate_off and synthesis_off directives                ; Off                ; Off                ;
; Timing-Driven Synthesis                                          ; On                 ; On                 ;
; Report Parameter Settings                                        ; On                 ; On                 ;
; Report Source Assignments                                        ; On                 ; On                 ;
; Report Connectivity Checks                                       ; On                 ; On                 ;
; Ignore Maximum Fan-Out Assignments                               ; Off                ; Off                ;
; Synchronization Register Chain Length                            ; 2                  ; 2                  ;
; Power Optimization During Synthesis                              ; Normal compilation ; Normal compilation ;
; HDL message level                                                ; Level2             ; Level2             ;
; Suppress Register Optimization Related Messages                  ; Off                ; Off                ;
; Number of Removed Registers Reported in Synthesis Report         ; 5000               ; 5000               ;
; Number of Swept Nodes Reported in Synthesis Report               ; 5000               ; 5000               ;
; Number of Inverted Registers Reported in Synthesis Report        ; 100                ; 100                ;
; Clock MUX Protection                                             ; On                 ; On                 ;
; Auto Gated Clock Conversion                                      ; Off                ; Off                ;
; Block Design Naming                                              ; Auto               ; Auto               ;
; SDC constraint protection                                        ; Off                ; Off                ;
; Synthesis Effort                                                 ; Auto               ; Auto               ;
; Shift Register Replacement - Allow Asynchronous Clear Signal     ; On                 ; On                 ;
; Pre-Mapping Resynthesis Optimization                             ; Off                ; Off                ;
; Analysis & Synthesis Message Level                               ; Medium             ; Medium             ;
; Disable Register Merging Across Hierarchies                      ; Auto               ; Auto               ;
; Resource Aware Inference For Block RAM                           ; On                 ; On                 ;
+------------------------------------------------------------------+--------------------+--------------------+


+------------------------------------------+
; Parallel Compilation                     ;
+----------------------------+-------------+
; Processors                 ; Number      ;
+----------------------------+-------------+
; Number detected on machine ; 2           ;
; Maximum allowed            ; 2           ;
;                            ;             ;
; Average used               ; 1.00        ;
; Maximum used               ; 2           ;
;                            ;             ;
; Usage by Processor         ; % Time Used ;
;     Processor 1            ; 100.0%      ;
;     Processor 2            ;   0.0%      ;
+----------------------------+-------------+


+--------------------------------------------------------------------------------------------------------------------------------------------------+
; Analysis & Synthesis Source Files Read                                                                                                           ;
+----------------------------------+-----------------+------------------------------------+----------------------------------------------+---------+
; File Name with User-Entered Path ; Used in Netlist ; File Type                          ; File Name with Absolute Path                 ; Library ;
+----------------------------------+-----------------+------------------------------------+----------------------------------------------+---------+
; VGA.vhd                          ; yes             ; User VHDL File                     ; C:/Users/JaZ/Documents/vga/VGA.vhd           ;         ;
; Game.vhd                         ; yes             ; User VHDL File                     ; C:/Users/JaZ/Documents/vga/Game.vhd          ;         ;
; Jogo.bdf                         ; yes             ; User Block Diagram/Schematic File  ; C:/Users/JaZ/Documents/vga/Jogo.bdf          ;         ;
; Controles_clk.vhd                ; yes             ; User VHDL File                     ; C:/Users/JaZ/Documents/vga/Controles_clk.vhd ;         ;
; decodificador.vhd                ; yes             ; Auto-Found VHDL File               ; C:/Users/JaZ/Documents/vga/decodificador.vhd ;         ;
+----------------------------------+-----------------+------------------------------------+----------------------------------------------+---------+


+---------------------------------------------------------------------------+
; Analysis & Synthesis Resource Usage Summary                               ;
+---------------------------------------------+-----------------------------+
; Resource                                    ; Usage                       ;
+---------------------------------------------+-----------------------------+
; Estimated Total logic elements              ; 690                         ;
;                                             ;                             ;
; Total combinational functions               ; 675                         ;
; Logic element usage by number of LUT inputs ;                             ;
;     -- 4 input functions                    ; 157                         ;
;     -- 3 input functions                    ; 277                         ;
;     -- <=2 input functions                  ; 241                         ;
;                                             ;                             ;
; Logic elements by mode                      ;                             ;
;     -- normal mode                          ; 312                         ;
;     -- arithmetic mode                      ; 363                         ;
;                                             ;                             ;
; Total registers                             ; 178                         ;
;     -- Dedicated logic registers            ; 178                         ;
;     -- I/O registers                        ; 0                           ;
;                                             ;                             ;
; I/O pins                                    ; 48                          ;
;                                             ;                             ;
; Embedded Multiplier 9-bit elements          ; 0                           ;
;                                             ;                             ;
; Maximum fan-out node                        ; Controles_clk:inst|out_40hz ;
; Maximum fan-out                             ; 103                         ;
; Total fan-out                               ; 2446                        ;
; Average fan-out                             ; 2.58                        ;
+---------------------------------------------+-----------------------------+


+--------------------------------------------------------------------------------------------------------------------------------------------------------------------------------------------------------------------------------------------------+
; Analysis & Synthesis Resource Utilization by Entity                                                                                                                                                                                              ;
+------------------------------+---------------------+---------------------------+-------------+------------+--------------+---------+-----------+------+--------------+------------+-------------------------------+---------------+--------------+
; Compilation Hierarchy Node   ; Combinational ALUTs ; Dedicated Logic Registers ; Memory Bits ; UFM Blocks ; DSP Elements ; DSP 9x9 ; DSP 18x18 ; Pins ; Virtual Pins ; ADC blocks ; Full Hierarchy Name           ; Entity Name   ; Library Name ;
+------------------------------+---------------------+---------------------------+-------------+------------+--------------+---------+-----------+------+--------------+------------+-------------------------------+---------------+--------------+
; |Jogo                        ; 675 (0)             ; 178 (0)                   ; 0           ; 0          ; 0            ; 0       ; 0         ; 48   ; 0            ; 0          ; |Jogo                         ; Jogo          ; work         ;
;    |Controles_clk:inst|      ; 38 (38)             ; 23 (23)                   ; 0           ; 0          ; 0            ; 0       ; 0         ; 0    ; 0            ; 0          ; |Jogo|Controles_clk:inst      ; Controles_clk ; work         ;
;    |Decodificador:inst10|    ; 7 (7)               ; 0 (0)                     ; 0           ; 0          ; 0            ; 0       ; 0         ; 0    ; 0            ; 0          ; |Jogo|Decodificador:inst10    ; Decodificador ; work         ;
;    |Decodificador:inst9|     ; 7 (7)               ; 0 (0)                     ; 0           ; 0          ; 0            ; 0       ; 0         ; 0    ; 0            ; 0          ; |Jogo|Decodificador:inst9     ; Decodificador ; work         ;
;    |Decodificador:irnttnst3| ; 7 (7)               ; 0 (0)                     ; 0           ; 0          ; 0            ; 0       ; 0         ; 0    ; 0            ; 0          ; |Jogo|Decodificador:irnttnst3 ; Decodificador ; work         ;
;    |Decodificador:sadgbfb|   ; 7 (7)               ; 0 (0)                     ; 0           ; 0          ; 0            ; 0       ; 0         ; 0    ; 0            ; 0          ; |Jogo|Decodificador:sadgbfb   ; Decodificador ; work         ;
;    |Game:uykycfr|            ; 552 (552)           ; 102 (102)                 ; 0           ; 0          ; 0            ; 0       ; 0         ; 0    ; 0            ; 0          ; |Jogo|Game:uykycfr            ; Game          ; work         ;
;    |VGA:svsv|                ; 57 (57)             ; 53 (53)                   ; 0           ; 0          ; 0            ; 0       ; 0         ; 0    ; 0            ; 0          ; |Jogo|VGA:svsv                ; VGA           ; work         ;
+------------------------------+---------------------+---------------------------+-------------+------------+--------------+---------+-----------+------+--------------+------------+-------------------------------+---------------+--------------+
Note: For table entries with two numbers listed, the numbers in parentheses indicate the number of resources of the given type used by the specific entity alone. The numbers listed outside of parentheses indicate the total resources of the given type used by the specific entity and all of its sub-entities in the hierarchy.


+--------------------------------------------------------------------------------+
; Registers Removed During Synthesis                                             ;
+---------------------------------------+----------------------------------------+
; Register name                         ; Reason for Removal                     ;
+---------------------------------------+----------------------------------------+
; Game:uykycfr|veloYBola[0]             ; Stuck at GND due to stuck port data_in ;
; Game:uykycfr|veloXBola[0]             ; Stuck at VCC due to stuck port data_in ;
; Game:uykycfr|veloYBola[1]             ; Stuck at GND due to stuck port data_in ;
; Game:uykycfr|veloXBola[3]             ; Merged with Game:uykycfr|veloXBola[1]  ;
; Total Number of Removed Registers = 4 ;                                        ;
+---------------------------------------+----------------------------------------+


+------------------------------------------------------+
; General Register Statistics                          ;
+----------------------------------------------+-------+
; Statistic                                    ; Value ;
+----------------------------------------------+-------+
; Total registers                              ; 178   ;
; Number of registers using Synchronous Clear  ; 20    ;
; Number of registers using Synchronous Load   ; 0     ;
; Number of registers using Asynchronous Clear ; 0     ;
; Number of registers using Asynchronous Load  ; 0     ;
; Number of registers using Clock Enable       ; 65    ;
; Number of registers using Preset             ; 0     ;
+----------------------------------------------+-------+


+---------------------------------------------------+
; Inverted Register Statistics                      ;
+-----------------------------------------+---------+
; Inverted Register                       ; Fan out ;
+-----------------------------------------+---------+
; VGA:svsv|hsync_reg                      ; 1       ;
; VGA:svsv|vsync_reg                      ; 1       ;
; Game:uykycfr|posYJog2[7]                ; 7       ;
; Game:uykycfr|posYJog2[4]                ; 8       ;
; Game:uykycfr|posYJog2[5]                ; 7       ;
; Game:uykycfr|posYJog2[6]                ; 6       ;
; Game:uykycfr|posYJog1[7]                ; 7       ;
; Game:uykycfr|posYJog1[6]                ; 6       ;
; Game:uykycfr|posYJog1[5]                ; 7       ;
; Game:uykycfr|posYJog1[4]                ; 8       ;
; Game:uykycfr|posXBola[8]                ; 5       ;
; Game:uykycfr|posXBola[6]                ; 5       ;
; Game:uykycfr|posYBola[7]                ; 6       ;
; Game:uykycfr|posYBola[6]                ; 6       ;
; Game:uykycfr|posYBola[5]                ; 6       ;
; Game:uykycfr|posYBola[4]                ; 6       ;
; Game:uykycfr|veloXBola[2]               ; 3       ;
; Controles_clk:inst|count_40hz[0]        ; 10      ;
; Total number of inverted registers = 18 ;         ;
+-----------------------------------------+---------+


+-----------------------------------------------------------------------------------------------------------------------------------------------+
; Multiplexer Restructuring Statistics (Restructuring Performed)                                                                                ;
+--------------------+-----------+---------------+----------------------+------------------------+------------+---------------------------------+
; Multiplexer Inputs ; Bus Width ; Baseline Area ; Area if Restructured ; Saving if Restructured ; Registered ; Example Multiplexer Output      ;
+--------------------+-----------+---------------+----------------------+------------------------+------------+---------------------------------+
; 3:1                ; 10 bits   ; 20 LEs        ; 10 LEs               ; 10 LEs                 ; Yes        ; |Jogo|VGA:svsv|h_counter[9]     ;
; 3:1                ; 2 bits    ; 4 LEs         ; 2 LEs                ; 2 LEs                  ; Yes        ; |Jogo|Game:uykycfr|posYBola[0]  ;
; 3:1                ; 26 bits   ; 52 LEs        ; 52 LEs               ; 0 LEs                  ; Yes        ; |Jogo|Game:uykycfr|posYBola[29] ;
; 4:1                ; 10 bits   ; 20 LEs        ; 10 LEs               ; 10 LEs                 ; Yes        ; |Jogo|VGA:svsv|v_counter[0]     ;
; 4:1                ; 5 bits    ; 10 LEs        ; 10 LEs               ; 0 LEs                  ; Yes        ; |Jogo|Game:uykycfr|posYJog1[8]  ;
; 4:1                ; 5 bits    ; 10 LEs        ; 10 LEs               ; 0 LEs                  ; Yes        ; |Jogo|Game:uykycfr|posYJog2[0]  ;
; 5:1                ; 30 bits   ; 90 LEs        ; 90 LEs               ; 0 LEs                  ; Yes        ; |Jogo|Game:uykycfr|posXBola[7]  ;
; 3:1                ; 4 bits    ; 8 LEs         ; 8 LEs                ; 0 LEs                  ; Yes        ; |Jogo|Game:uykycfr|posYBola[7]  ;
; 4:1                ; 4 bits    ; 8 LEs         ; 8 LEs                ; 0 LEs                  ; Yes        ; |Jogo|Game:uykycfr|posYJog1[5]  ;
; 4:1                ; 4 bits    ; 8 LEs         ; 8 LEs                ; 0 LEs                  ; Yes        ; |Jogo|Game:uykycfr|posYJog2[7]  ;
; 5:1                ; 2 bits    ; 6 LEs         ; 6 LEs                ; 0 LEs                  ; Yes        ; |Jogo|Game:uykycfr|posXBola[6]  ;
+--------------------+-----------+---------------+----------------------+------------------------+------------+---------------------------------+


+-----------------------------------------------------+
; Post-Synthesis Netlist Statistics for Top Partition ;
+-----------------------+-----------------------------+
; Type                  ; Count                       ;
+-----------------------+-----------------------------+
; boundary_port         ; 48                          ;
; cycloneiii_ff         ; 178                         ;
;     ENA               ; 55                          ;
;     ENA SCLR          ; 10                          ;
;     SCLR              ; 10                          ;
;     plain             ; 103                         ;
; cycloneiii_lcell_comb ; 677                         ;
;     arith             ; 363                         ;
;         2 data inputs ; 171                         ;
;         3 data inputs ; 192                         ;
;     normal            ; 314                         ;
;         0 data inputs ; 4                           ;
;         1 data inputs ; 20                          ;
;         2 data inputs ; 48                          ;
;         3 data inputs ; 85                          ;
;         4 data inputs ; 157                         ;
;                       ;                             ;
; Max LUT depth         ; 10.50                       ;
; Average LUT depth     ; 5.90                        ;
+-----------------------+-----------------------------+


+-------------------------------+
; Elapsed Time Per Partition    ;
+----------------+--------------+
; Partition Name ; Elapsed Time ;
+----------------+--------------+
; Top            ; 00:00:02     ;
+----------------+--------------+


+-------------------------------+
; Analysis & Synthesis Messages ;
+-------------------------------+
Info: *******************************************************************
Info: Running Quartus Prime Analysis & Synthesis
    Info: Version 18.1.0 Build 625 09/12/2018 SJ Lite Edition
    Info: Processing started: Wed Jun 19 19:46:56 2024
Info: Command: quartus_map --read_settings_files=on --write_settings_files=off Jogo -c Jogo
Warning (18236): Number of processors has not been specified which may cause overloading on shared machines.  Set the global assignment NUM_PARALLEL_PROCESSORS in your QSF to an appropriate value for best performance.
Info (20030): Parallel compilation is enabled and will use 2 of the 2 processors detected
Info (12021): Found 2 design units, including 1 entities, in source file vga.vhd
    Info (12022): Found design unit 1: VGA-Controle File: C:/Users/JaZ/Documents/vga/VGA.vhd Line: 26
    Info (12023): Found entity 1: VGA File: C:/Users/JaZ/Documents/vga/VGA.vhd Line: 5
Info (12021): Found 2 design units, including 1 entities, in source file random.vhd
    Info (12022): Found design unit 1: Random-Behavioral File: C:/Users/JaZ/Documents/vga/Random.vhd Line: 14
    Info (12023): Found entity 1: Random File: C:/Users/JaZ/Documents/vga/Random.vhd Line: 5
Info (12021): Found 2 design units, including 1 entities, in source file game.vhd
    Info (12022): Found design unit 1: Game-Controle File: C:/Users/JaZ/Documents/vga/Game.vhd Line: 37
    Info (12023): Found entity 1: Game File: C:/Users/JaZ/Documents/vga/Game.vhd Line: 7
Info (12021): Found 1 design units, including 1 entities, in source file jogo.bdf
    Info (12023): Found entity 1: Jogo
Info (12021): Found 2 design units, including 1 entities, in source file controles_clk.vhd
    Info (12022): Found design unit 1: Controles_clk-Comportamento File: C:/Users/JaZ/Documents/vga/Controles_clk.vhd Line: 15
    Info (12023): Found entity 1: Controles_clk File: C:/Users/JaZ/Documents/vga/Controles_clk.vhd Line: 5
Info (12127): Elaborating entity "Jogo" for the top level hierarchy
Warning (275083): Bus "pts2[7..0]" found using same base name as "pts", which might lead to a name conflict.
Warning (275083): Bus "pts2[7]" found using same base name as "pts", which might lead to a name conflict.
Warning (275083): Bus "pts2[6]" found using same base name as "pts", which might lead to a name conflict.
Warning (275083): Bus "pts2[5]" found using same base name as "pts", which might lead to a name conflict.
Warning (275083): Bus "pts2[4]" found using same base name as "pts", which might lead to a name conflict.
Warning (275083): Bus "pts2[3]" found using same base name as "pts", which might lead to a name conflict.
Warning (275083): Bus "pts2[2]" found using same base name as "pts", which might lead to a name conflict.
Warning (275083): Bus "pts2[1]" found using same base name as "pts", which might lead to a name conflict.
Warning (275083): Bus "pts2[0]" found using same base name as "pts", which might lead to a name conflict.
Warning (275012): Pin "r3" overlaps another pin, block, or symbol
Warning (275012): Pin "r1" overlaps another pin, block, or symbol
Warning (275012): Pin "g3" overlaps another pin, block, or symbol
Warning (275012): Pin "g1" overlaps another pin, block, or symbol
Warning (275012): Pin "b3" overlaps another pin, block, or symbol
Warning (275012): Pin "b1" overlaps another pin, block, or symbol
Warning (275080): Converted elements in bus name "pts" using legacy naming rules. Make any assignments on the new names, not on the original names.
    Warning (275081): Converted element name(s) from "pts[7..0]" to "pts7..0"
    Warning (275081): Converted element name(s) from "pts[7]" to "pts7"
    Warning (275081): Converted element name(s) from "pts[6]" to "pts6"
    Warning (275081): Converted element name(s) from "pts[5]" to "pts5"
    Warning (275081): Converted element name(s) from "pts[4]" to "pts4"
    Warning (275081): Converted element name(s) from "pts[3]" to "pts3"
    Warning (275081): Converted element name(s) from "pts[2]" to "pts2"
    Warning (275081): Converted element name(s) from "pts[1]" to "pts1"
    Warning (275081): Converted element name(s) from "pts[0]" to "pts0"
Warning (275080): Converted elements in bus name "pts2" using legacy naming rules. Make any assignments on the new names, not on the original names.
    Warning (275081): Converted element name(s) from "pts2[7..0]" to "pts27..0"
    Warning (275081): Converted element name(s) from "pts2[7]" to "pts27"
    Warning (275081): Converted element name(s) from "pts2[6]" to "pts26"
    Warning (275081): Converted element name(s) from "pts2[5]" to "pts25"
    Warning (275081): Converted element name(s) from "pts2[4]" to "pts24"
    Warning (275081): Converted element name(s) from "pts2[3]" to "pts23"
    Warning (275081): Converted element name(s) from "pts2[2]" to "pts22"
    Warning (275081): Converted element name(s) from "pts2[1]" to "pts21"
    Warning (275081): Converted element name(s) from "pts2[0]" to "pts20"
Info (12128): Elaborating entity "VGA" for hierarchy "VGA:svsv"
Info (12128): Elaborating entity "Controles_clk" for hierarchy "Controles_clk:inst"
Warning (10036): Verilog HDL or VHDL warning at Controles_clk.vhd(18): object "count_25mhz" assigned a value but never read File: C:/Users/JaZ/Documents/vga/Controles_clk.vhd Line: 18
Info (12128): Elaborating entity "Game" for hierarchy "Game:uykycfr"
Warning (10540): VHDL Signal Declaration warning at Game.vhd(46): used explicit default value for signal "posXJog1" because signal was never assigned a value File: C:/Users/JaZ/Documents/vga/Game.vhd Line: 46
Warning (10540): VHDL Signal Declaration warning at Game.vhd(48): used explicit default value for signal "posXJog2" because signal was never assigned a value File: C:/Users/JaZ/Documents/vga/Game.vhd Line: 48
Warning (10540): VHDL Signal Declaration warning at Game.vhd(51): used explicit default value for signal "veloJog1" because signal was never assigned a value File: C:/Users/JaZ/Documents/vga/Game.vhd Line: 51
Warning (10540): VHDL Signal Declaration warning at Game.vhd(52): used explicit default value for signal "veloJog2" because signal was never assigned a value File: C:/Users/JaZ/Documents/vga/Game.vhd Line: 52
Warning (10492): VHDL Process Statement warning at Game.vhd(183): signal "posx" is read inside the Process Statement but isn't in the Process Statement's sensitivity list File: C:/Users/JaZ/Documents/vga/Game.vhd Line: 183
Warning (10492): VHDL Process Statement warning at Game.vhd(184): signal "posy" is read inside the Process Statement but isn't in the Process Statement's sensitivity list File: C:/Users/JaZ/Documents/vga/Game.vhd Line: 184
Warning (10492): VHDL Process Statement warning at Game.vhd(186): signal "posXJog1" is read inside the Process Statement but isn't in the Process Statement's sensitivity list File: C:/Users/JaZ/Documents/vga/Game.vhd Line: 186
Warning (10492): VHDL Process Statement warning at Game.vhd(186): signal "x" is read inside the Process Statement but isn't in the Process Statement's sensitivity list File: C:/Users/JaZ/Documents/vga/Game.vhd Line: 186
Warning (10492): VHDL Process Statement warning at Game.vhd(187): signal "posYJog1" is read inside the Process Statement but isn't in the Process Statement's sensitivity list File: C:/Users/JaZ/Documents/vga/Game.vhd Line: 187
Warning (10492): VHDL Process Statement warning at Game.vhd(187): signal "y" is read inside the Process Statement but isn't in the Process Statement's sensitivity list File: C:/Users/JaZ/Documents/vga/Game.vhd Line: 187
Warning (10492): VHDL Process Statement warning at Game.vhd(188): signal "posXJog2" is read inside the Process Statement but isn't in the Process Statement's sensitivity list File: C:/Users/JaZ/Documents/vga/Game.vhd Line: 188
Warning (10492): VHDL Process Statement warning at Game.vhd(188): signal "x" is read inside the Process Statement but isn't in the Process Statement's sensitivity list File: C:/Users/JaZ/Documents/vga/Game.vhd Line: 188
Warning (10492): VHDL Process Statement warning at Game.vhd(189): signal "posYJog2" is read inside the Process Statement but isn't in the Process Statement's sensitivity list File: C:/Users/JaZ/Documents/vga/Game.vhd Line: 189
Warning (10492): VHDL Process Statement warning at Game.vhd(189): signal "y" is read inside the Process Statement but isn't in the Process Statement's sensitivity list File: C:/Users/JaZ/Documents/vga/Game.vhd Line: 189
Warning (10492): VHDL Process Statement warning at Game.vhd(196): signal "posXBola" is read inside the Process Statement but isn't in the Process Statement's sensitivity list File: C:/Users/JaZ/Documents/vga/Game.vhd Line: 196
Warning (10492): VHDL Process Statement warning at Game.vhd(196): signal "x" is read inside the Process Statement but isn't in the Process Statement's sensitivity list File: C:/Users/JaZ/Documents/vga/Game.vhd Line: 196
Warning (10492): VHDL Process Statement warning at Game.vhd(197): signal "posYBola" is read inside the Process Statement but isn't in the Process Statement's sensitivity list File: C:/Users/JaZ/Documents/vga/Game.vhd Line: 197
Warning (10492): VHDL Process Statement warning at Game.vhd(197): signal "y" is read inside the Process Statement but isn't in the Process Statement's sensitivity list File: C:/Users/JaZ/Documents/vga/Game.vhd Line: 197
Warning (12125): Using design file decodificador.vhd, which is not specified as a design file for the current project, but contains definitions for 2 design units and 1 entities in project
    Info (12022): Found design unit 1: Decodificador-comportamento File: C:/Users/JaZ/Documents/vga/decodificador.vhd Line: 11
    Info (12023): Found entity 1: Decodificador File: C:/Users/JaZ/Documents/vga/decodificador.vhd Line: 4
Info (12128): Elaborating entity "Decodificador" for hierarchy "Decodificador:sadgbfb"
Info (286030): Timing-Driven Synthesis is running
Info (16010): Generating hard_block partition "hard_block:auto_generated_inst"
    Info (16011): Adding 0 node(s), including 0 DDIO, 0 PLL, 0 transceiver and 0 LCELL
Info (21057): Implemented 740 device resources after synthesis - the final resource count might be different
    Info (21058): Implemented 6 input pins
    Info (21059): Implemented 42 output pins
    Info (21061): Implemented 692 logic cells
Info: Quartus Prime Analysis & Synthesis was successful. 0 errors, 56 warnings
    Info: Peak virtual memory: 4783 megabytes
    Info: Processing ended: Wed Jun 19 19:47:24 2024
    Info: Elapsed time: 00:00:28
    Info: Total CPU time (on all processors): 00:00:43


